0 info it worked if it ends with ok
1 verbose cli [
1 verbose cli   'C:\\Programme\\nodejs\\node.exe',
1 verbose cli   'C:\\Programme\\nodejs\\node_modules\\npm\\bin\\npm-cli.js',
1 verbose cli   'run',
1 verbose cli   'serve',
1 verbose cli   '--scripts-prepend-node-path=auto'
1 verbose cli ]
2 info using npm@6.13.4
3 info using node@v12.14.1
4 verbose run-script [ 'preserve', 'serve', 'postserve' ]
5 info lifecycle fatcalc@0.1.0~preserve: fatcalc@0.1.0
6 info lifecycle fatcalc@0.1.0~serve: fatcalc@0.1.0
7 verbose lifecycle fatcalc@0.1.0~serve: unsafe-perm in lifecycle true
8 verbose lifecycle fatcalc@0.1.0~serve: PATH: C:\Program Files\nodejs\node_modules\npm\node_modules\npm-lifecycle\node-gyp-bin;C:\Users\mgolob\PhpstormProjects\fatcalc\node_modules\.bin;C:\Program Files (x86)\KOBIL Systems\KOBIL ZKA-Sig-API;C:\Program Files (x86)\REINER SCT\cyberJack;C:\ProgramData\Oracle\Java\javapath;C:\WINDOWS\system32;C:\WINDOWS;C:\WINDOWS\System32\Wbem;C:\WINDOWS\System32\WindowsPowerShell\v1.0\;C:\WINDOWS\system32\config\systemprofile\AppData\Local\Microsoft\WindowsApps;c:\Software\MinGW\bin;C:\Software\MinGW\include;C:\Software\MinGW\lib;C:\Program Files (x86)\Common Files\Elixir;C:\WINDOWS\system32;C:\WINDOWS;C:\WINDOWS\System32\Wbem;C:\WINDOWS\System32\WindowsPowerShell\v1.0\;C:\WINDOWS\System32\OpenSSH\;C:\Programme\Git\cmd;C:\Programme\nodejs\;C:\Users\mgolob\AppData\Local\Microsoft\WindowsApps;C:\Program Files\npm;C:\Users\mgolob\AppData\Roaming\npm;
9 verbose lifecycle fatcalc@0.1.0~serve: CWD: C:\Users\mgolob\PhpstormProjects\fatcalc
10 silly lifecycle fatcalc@0.1.0~serve: Args: [ '/d /s /c', 'vue-cli-service serve' ]
11 silly lifecycle fatcalc@0.1.0~serve: Returned: code: 1  signal: null
12 info lifecycle fatcalc@0.1.0~serve: Failed to exec serve script
13 verbose stack Error: fatcalc@0.1.0 serve: `vue-cli-service serve`
13 verbose stack Exit status 1
13 verbose stack     at EventEmitter.<anonymous> (C:\Program Files\nodejs\node_modules\npm\node_modules\npm-lifecycle\index.js:332:16)
13 verbose stack     at EventEmitter.emit (events.js:223:5)
13 verbose stack     at ChildProcess.<anonymous> (C:\Program Files\nodejs\node_modules\npm\node_modules\npm-lifecycle\lib\spawn.js:55:14)
13 verbose stack     at ChildProcess.emit (events.js:223:5)
13 verbose stack     at maybeClose (internal/child_process.js:1021:16)
13 verbose stack     at Process.ChildProcess._handle.onexit (internal/child_process.js:283:5)
14 verbose pkgid fatcalc@0.1.0
15 verbose cwd C:\Users\mgolob\PhpstormProjects\fatcalc
16 verbose Windows_NT 10.0.17134
17 verbose argv "C:\\Programme\\nodejs\\node.exe" "C:\\Programme\\nodejs\\node_modules\\npm\\bin\\npm-cli.js" "run" "serve" "--scripts-prepend-node-path=auto"
18 verbose node v12.14.1
19 verbose npm  v6.13.4
20 error code ELIFECYCLE
21 error errno 1
22 error fatcalc@0.1.0 serve: `vue-cli-service serve`
22 error Exit status 1
23 error Failed at the fatcalc@0.1.0 serve script.
23 error This is probably not a problem with npm. There is likely additional logging output above.
24 verbose exit [ 1, true ]
